<?xml version="1.0" encoding="UTF-8"?>
<testng-results skipped="0" failed="0" ignored="0" total="1" passed="1">
  <reporter-output>
  </reporter-output>
  <suite name="SmokeTest" duration-ms="44763" started-at="2020-01-13T09:19:25Z" finished-at="2020-01-13T09:20:10Z">
    <groups>
    </groups>
    <test name="uampMusicPlayer Test" duration-ms="44763" started-at="2020-01-13T09:19:25Z" finished-at="2020-01-13T09:20:10Z">
      <class name="tests.PlayWakeUpFromWakeUpAlbum">
        <test-method status="PASS" signature="setup(java.lang.String, java.lang.String)[pri:0, instance:tests.PlayWakeUpFromWakeUpAlbum@340f438e]" name="setup" is-config="true" duration-ms="19045" started-at="2020-01-13T09:19:25Z" finished-at="2020-01-13T09:19:44Z">
          <params>
            <param index="0">
              <value>
                <![CDATA[PhilaEmulator]]>
              </value>
            </param>
            <param index="1">
              <value>
                <![CDATA[http://127.0.0.1:4723/wd/hub]]>
              </value>
            </param>
          </params>
          <reporter-output>
          </reporter-output>
        </test-method> <!-- setup -->
        <test-method status="PASS" signature="playWakeUpSong()[pri:0, instance:tests.PlayWakeUpFromWakeUpAlbum@340f438e]" name="playWakeUpSong" duration-ms="15458" started-at="2020-01-13T09:19:44Z" finished-at="2020-01-13T09:20:00Z">
          <reporter-output>
          </reporter-output>
        </test-method> <!-- playWakeUpSong -->
        <test-method status="PASS" signature="teardown()[pri:0, instance:tests.PlayWakeUpFromWakeUpAlbum@340f438e]" name="teardown" is-config="true" duration-ms="10243" started-at="2020-01-13T09:20:00Z" finished-at="2020-01-13T09:20:10Z">
          <reporter-output>
          </reporter-output>
        </test-method> <!-- teardown -->
      </class> <!-- tests.PlayWakeUpFromWakeUpAlbum -->
    </test> <!-- uampMusicPlayer Test -->
  </suite> <!-- SmokeTest -->
</testng-results>
