<?xml version="1.0" encoding="UTF-8"?>
<testng-results skipped="0" failed="0" ignored="0" total="1" passed="1">
  <reporter-output>
  </reporter-output>
  <suite name="SmokeTest" duration-ms="29038" started-at="2020-01-13T08:18:50Z" finished-at="2020-01-13T08:19:19Z">
    <groups>
    </groups>
    <test name="uampMusicPlayer Test" duration-ms="29038" started-at="2020-01-13T08:18:50Z" finished-at="2020-01-13T08:19:19Z">
      <class name="tests.PlayWakeUpFromWakeUpAlbum">
        <test-method status="PASS" signature="setup()[pri:0, instance:tests.PlayWakeUpFromWakeUpAlbum@19dfb72a]" name="setup" is-config="true" duration-ms="16947" started-at="2020-01-13T08:18:50Z" finished-at="2020-01-13T08:19:07Z">
          <reporter-output>
          </reporter-output>
        </test-method> <!-- setup -->
        <test-method status="PASS" signature="playWakeUpSong()[pri:0, instance:tests.PlayWakeUpFromWakeUpAlbum@19dfb72a]" name="playWakeUpSong" duration-ms="12070" started-at="2020-01-13T08:19:07Z" finished-at="2020-01-13T08:19:19Z">
          <reporter-output>
          </reporter-output>
        </test-method> <!-- playWakeUpSong -->
        <test-method status="PASS" signature="teardown()[pri:0, instance:tests.PlayWakeUpFromWakeUpAlbum@19dfb72a]" name="teardown" is-config="true" duration-ms="1" started-at="2020-01-13T08:19:19Z" finished-at="2020-01-13T08:19:19Z">
          <reporter-output>
          </reporter-output>
        </test-method> <!-- teardown -->
      </class> <!-- tests.PlayWakeUpFromWakeUpAlbum -->
    </test> <!-- uampMusicPlayer Test -->
  </suite> <!-- SmokeTest -->
</testng-results>
